<?xml version="1.0" encoding="UTF-8"?>
<testsuites name="jest tests" tests="28" failures="0" errors="0" time="16.087">
  <testsuite name="Upload images" errors="0" failures="0" skipped="0" timestamp="2024-11-06T08:12:12" time="5.363" tests="2">
    <testcase classname="Upload images Test single image upload POST -  single file upload " name="Upload images Test single image upload POST -  single file upload " time="1.064">
    </testcase>
    <testcase classname="Upload images Test multiple image upload POST -  multiple file upload " name="Upload images Test multiple image upload POST -  multiple file upload " time="1.086">
    </testcase>
  </testsuite>
  <testsuite name="POC Tests" errors="0" failures="0" skipped="0" timestamp="2024-11-06T08:12:12" time="6.244" tests="6">
    <testcase classname="POC Tests Get requests GET /posts" name="POC Tests Get requests GET /posts" time="0.154">
    </testcase>
    <testcase classname="POC Tests Get requests GET /comments with query parameters" name="POC Tests Get requests GET /comments with query parameters" time="0.501">
    </testcase>
    <testcase classname="POC Tests POST requests POST /posts" name="POC Tests POST requests POST /posts" time="0.527">
    </testcase>
    <testcase classname="POC Tests PUT requests PUT /posts/{id}" name="POC Tests PUT requests PUT /posts/{id}" time="0.661">
    </testcase>
    <testcase classname="POC Tests PATCH requests PATCH /posts/{id}" name="POC Tests PATCH requests PATCH /posts/{id}" time="0.627">
    </testcase>
    <testcase classname="POC Tests DELETE requests DELETE /posts/{id}" name="POC Tests DELETE requests DELETE /posts/{id}" time="0.233">
    </testcase>
  </testsuite>
  <testsuite name="Categories" errors="0" failures="0" skipped="1" timestamp="2024-11-06T08:12:12" time="7.08" tests="4">
    <testcase classname="Categories GET /categories" name="Categories GET /categories" time="1.288">
    </testcase>
    <testcase classname="Categories Create Categories POST /categories" name="Categories Create Categories POST /categories" time="0.617">
    </testcase>
    <testcase classname="Categories Update categories PUT /categories" name="Categories Update categories PUT /categories" time="0">
      <skipped/>
    </testcase>
    <testcase classname="Categories Delete categories DELETE /categories" name="Categories Delete categories DELETE /categories" time="0.622">
    </testcase>
  </testsuite>
  <testsuite name="GET Request " errors="0" failures="0" skipped="0" timestamp="2024-11-06T08:12:12" time="12.101" tests="5">
    <testcase classname="GET Request  Tests brands GET ALL and assert, GET /brands" name="GET Request  Tests brands GET ALL and assert, GET /brands" time="1.361">
    </testcase>
    <testcase classname="GET individual request  Tests brands GET specific ID and assert, GET /brands/:id" name="GET individual request  Tests brands GET specific ID and assert, GET /brands/:id" time="0.498">
    </testcase>
    <testcase classname="POST request Test POST /brands request" name="POST request Test POST /brands request" time="1.635">
    </testcase>
    <testcase classname="PUT request PUT request PUT /brands/{id}" name="PUT request PUT request PUT /brands/{id}" time="2.821">
    </testcase>
    <testcase classname="PUT request Delete brand id  DELETE /brand/:id" name="PUT request Delete brand id  DELETE /brand/:id" time="2.125">
    </testcase>
  </testsuite>
  <testsuite name="Brands" errors="0" failures="0" skipped="0" timestamp="2024-11-06T08:12:12" time="15.174" tests="11">
    <testcase classname="Brands GET Request  Tests brands GET ALL and assert, GET /brands" name="Brands GET Request  Tests brands GET ALL and assert, GET /brands" time="1.798">
    </testcase>
    <testcase classname="Brands Create brands Test POST /brands request" name="Brands Create brands Test POST /brands request" time="0.002">
    </testcase>
    <testcase classname="Brands Create brands Schema Test - name is mandatory field" name="Brands Create brands Schema Test - name is mandatory field" time="0.428">
    </testcase>
    <testcase classname="Brands Create brands Schema Test - minimum char length for name &gt; 1 " name="Brands Create brands Schema Test - minimum char length for name &gt; 1 " time="0.429">
    </testcase>
    <testcase classname="Brands Create brands Business Logic - duplicating entries are not allowed" name="Brands Create brands Business Logic - duplicating entries are not allowed" time="0.539">
    </testcase>
    <testcase classname="Brands Create brands Business Logic - brand does not exist on false id" name="Brands Create brands Business Logic - brand does not exist on false id" time="0.519">
    </testcase>
    <testcase classname="Brands Create brands Schema Test - maximum char length for name &gt; 30 is not accepted and description must be string " name="Brands Create brands Schema Test - maximum char length for name &gt; 30 is not accepted and description must be string " time="1.357">
    </testcase>
    <testcase classname="Brands Create brands Business Logic validation - not able to update and delete brands that does not exist" name="Brands Create brands Business Logic validation - not able to update and delete brands that does not exist" time="1.579">
    </testcase>
    <testcase classname="Brands GET individual brand Tests brands GET specific ID and assert, GET /brands/:id" name="Brands GET individual brand Tests brands GET specific ID and assert, GET /brands/:id" time="0.512">
    </testcase>
    <testcase classname="Brands PUT request PUT request PUT /brands/{id}" name="Brands PUT request PUT request PUT /brands/{id}" time="0.643">
    </testcase>
    <testcase classname="Brands Delete brand id  DELETE /brand/:id" name="Brands Delete brand id  DELETE /brand/:id" time="0.636">
    </testcase>
  </testsuite>
</testsuites>